<?xml version="1.0" encoding="UTF-8"?>
<!-- Generated by org.testng.reporters.JUnitReportReporter -->
<testsuite hostname="DESKTOP-SU3UOIP" failures="0" tests="4" name="com.Rainbow.Testcases.LoginPageTest" time="68.282" errors="0" timestamp="2022-04-12T06:08:25 EEST" skipped="0">
  <testcase classname="com.Rainbow.Testcases.LoginPageTest" name="LoginPage" time="20.658"/>
  <system-out/>
  <testcase classname="com.Rainbow.Testcases.LoginPageTest" name="LoginPage" time="12.476"/>
  <system-out/>
  <testcase classname="com.Rainbow.Testcases.LoginPageTest" name="LoginPage" time="11.082"/>
  <system-out/>
  <testcase classname="com.Rainbow.Testcases.LoginPageTest" name="LoginPage" time="24.066"/>
  <system-out/>
</testsuite> <!-- com.Rainbow.Testcases.LoginPageTest -->
