<?xml version="1.0" encoding="UTF-8"?>
<!-- Generated by org.testng.reporters.JUnitReportReporter -->
<testsuite hostname="DESKTOP-SU3UOIP" failures="0" tests="2" name="com.Rainbow.Testcases.ReadDataFromCSV" time="37.179" errors="0" timestamp="2022-04-10T11:25:01 EEST" skipped="0">
  <testcase classname="com.Rainbow.Testcases.ReadDataFromCSV" name="addContact" time="18.523"/>
  <system-out/>
  <testcase classname="com.Rainbow.Testcases.ReadDataFromCSV" name="addContact" time="18.656"/>
  <system-out/>
</testsuite> <!-- com.Rainbow.Testcases.ReadDataFromCSV -->
