<?xml version="1.0" encoding="UTF-8"?>
<!-- Generated by org.testng.reporters.JUnitReportReporter -->
<testsuite hostname="DESKTOP-SU3UOIP" failures="0" tests="1" name="com.Rainbow.Testcases.sss" time="13.224" errors="0" timestamp="2022-04-10T21:10:31 EEST" skipped="0">
  <testcase classname="com.Rainbow.Testcases.sss" name="Test" time="13.224"/>
  <system-out/>
</testsuite> <!-- com.Rainbow.Testcases.sss -->
