<?xml version="1.0" encoding="UTF-8"?>
<!-- Generated by org.testng.reporters.JUnitReportReporter -->
<testsuite hostname="DESKTOP-SU3UOIP" failures="0" tests="4" name="com.Rainbow.Testcases.LoginPageNewTest" time="52.354" errors="0" timestamp="2022-04-12T05:06:07 EEST" skipped="0">
  <testcase classname="com.Rainbow.Testcases.LoginPageNewTest" name="LoginPageTestCase1" time="21.987"/>
  <system-out/>
  <testcase classname="com.Rainbow.Testcases.LoginPageNewTest" name="LoginPageTestCase2" time="11.615"/>
  <system-out/>
  <testcase classname="com.Rainbow.Testcases.LoginPageNewTest" name="LoginPageTestCase3" time="9.440"/>
  <system-out/>
  <testcase classname="com.Rainbow.Testcases.LoginPageNewTest" name="LoginPageTestCase4" time="9.312"/>
  <system-out/>
</testsuite> <!-- com.Rainbow.Testcases.LoginPageNewTest -->
