<?xml version="1.0" encoding="UTF-8"?>
<!-- Generated by org.testng.reporters.JUnitReportReporter -->
<testsuite hostname="DESKTOP-SU3UOIP" failures="0" tests="2" name="com.Rainbow.Testcases.ReadWriteDataFromCSV" time="48.400" errors="0" timestamp="2022-04-12T06:08:25 EEST" skipped="0">
  <testcase classname="com.Rainbow.Testcases.ReadWriteDataFromCSV" name="SearchAndWriteDataToCsvTest" time="22.044"/>
  <system-out/>
  <testcase classname="com.Rainbow.Testcases.ReadWriteDataFromCSV" name="SearchAndWriteDataToCsvTest" time="26.356"/>
  <system-out/>
</testsuite> <!-- com.Rainbow.Testcases.ReadWriteDataFromCSV -->
