<?xml version="1.0" encoding="UTF-8"?>
<!-- Generated by org.testng.reporters.JUnitReportReporter -->
<testsuite hostname="DESKTOP-SU3UOIP" failures="0" tests="1" name="com.Rainbow.Testcases.ConversationTest" time="23.385" errors="0" timestamp="2022-04-12T06:08:25 EEST" skipped="0">
  <testcase classname="com.Rainbow.Testcases.ConversationTest" name="ConversationTest" time="23.385"/>
  <system-out/>
</testsuite> <!-- com.Rainbow.Testcases.ConversationTest -->
